<?xml version="1.0" encoding="UTF-8"?>
<!-- Generated by org.testng.reporters.JUnitReportReporter -->
<testsuite hostname="DESKTOP-AELALK6" failures="0" tests="1" name="RestAssured.ResponseTest" time="10.417" errors="0" timestamp="2024-04-27T07:00:16 IST" skipped="0">
  <testcase classname="RestAssured.ResponseTest" name="responsebody" time="10.417"/>
  <system-out/>
</testsuite> <!-- RestAssured.ResponseTest -->
