<?xml version="1.0" encoding="UTF-8"?>
<!-- Generated by org.testng.reporters.JUnitReportReporter -->
<testsuite hostname="DESKTOP-AELALK6" failures="0" tests="1" name="RestAssured.HeadersValidation" time="6.335" errors="0" timestamp="2024-04-26T08:21:52 IST" skipped="0">
  <testcase classname="RestAssured.HeadersValidation" name="headersTest" time="6.335"/>
  <system-out/>
</testsuite> <!-- RestAssured.HeadersValidation -->
