<?xml version="1.0" encoding="UTF-8"?>
<!-- Generated by org.testng.reporters.JUnitReportReporter -->
<testsuite hostname="DESKTOP-AELALK6" failures="0" tests="1" name="RestAssured.TestRESTAPI" time="6.900" errors="0" timestamp="2024-04-26T07:30:38 IST" skipped="0">
  <testcase classname="RestAssured.TestRESTAPI" name="testAPI" time="6.900"/>
  <system-out/>
</testsuite> <!-- RestAssured.TestRESTAPI -->
