<?xml version="1.0" encoding="UTF-8"?>
<!-- Generated by org.testng.reporters.JUnitReportReporter -->
<testsuite hostname="DESKTOP-AELALK6" failures="0" tests="2" name="AuthExamples.BasicAuthExample" time="8.930" errors="0" timestamp="2024-04-27T07:33:36 IST" skipped="0">
  <testcase classname="AuthExamples.BasicAuthExample" name="basicAuth" time="6.943"/>
  <system-out/>
  <testcase classname="AuthExamples.BasicAuthExample" name="basicAuthPreemptive" time="1.987"/>
  <system-out/>
</testsuite> <!-- AuthExamples.BasicAuthExample -->
