<?xml version="1.0" encoding="UTF-8"?>
<!-- Generated by org.testng.reporters.JUnitReportReporter -->
<testsuite hostname="DESKTOP-AELALK6" failures="0" tests="1" name="RestAssured.DeleteExample" time="6.525" errors="0" timestamp="2024-04-26T08:03:40 IST" skipped="0">
  <testcase classname="RestAssured.DeleteExample" name="deleteAPI" time="6.525"/>
  <system-out/>
</testsuite> <!-- RestAssured.DeleteExample -->
