<?xml version="1.0" encoding="UTF-8"?>
<!-- Generated by org.testng.reporters.JUnitReportReporter -->
<testsuite hostname="DESKTOP-AELALK6" failures="0" tests="1" name="AuthExamples.DigestAuthExample" time="7.979" errors="0" timestamp="2024-04-27T07:46:56 IST" skipped="0">
  <testcase classname="AuthExamples.DigestAuthExample" name="DigestTest" time="7.979"/>
  <system-out/>
</testsuite> <!-- AuthExamples.DigestAuthExample -->
