<?xml version="1.0" encoding="UTF-8"?>
<!-- Generated by org.testng.reporters.JUnitReportReporter -->
<testsuite hostname="DESKTOP-AELALK6" failures="1" tests="1" name="RestAssured.PutExample" time="7.595" errors="0" timestamp="2024-04-26T07:59:42 IST" skipped="0">
  <testcase classname="RestAssured.PutExample" name="putTest" time="7.595">
    <failure message="1 expectation failed.
Expected header &quot;Server&quot; was not &quot;cloudflar&quot;, was &quot;cloudflare&quot;. Headers are:
Date=Fri, 26 Apr 2024 02:29:40 GMT
Content-Type=application/json; charset=utf-8
Transfer-Encoding=chunked
Connection=keep-alive
Report-To={&quot;group&quot;:&quot;heroku-nel&quot;,&quot;max_age&quot;:3600,&quot;endpoints&quot;:[{&quot;url&quot;:&quot;https://nel.heroku.com/reports?ts=1714098580&amp;sid=c4c9725f-1ab0-44d8-820f-430df2718e11&amp;s=ZB3EcPsvJlR7KHqIPUmPj1aZqX0fndvyuU%2FGCuOfH7I%3D&quot;}]}
Reporting-Endpoints=heroku-nel=https://nel.heroku.com/reports?ts=1714098580&amp;sid=c4c9725f-1ab0-44d8-820f-430df2718e11&amp;s=ZB3EcPsvJlR7KHqIPUmPj1aZqX0fndvyuU%2FGCuOfH7I%3D
Nel={&quot;report_to&quot;:&quot;heroku-nel&quot;,&quot;max_age&quot;:3600,&quot;success_fraction&quot;:0.005,&quot;failure_fraction&quot;:0.05,&quot;response_headers&quot;:[&quot;Via&quot;]}
X-Powered-By=Express
Access-Control-Allow-Origin=*
Etag=W/&quot;58-lRc//3+teKag2osRrhCmv2bUFJg&quot;
Via=1.1 vegur
CF-Cache-Status=DYNAMIC
Vary=Accept-Encoding
Server=cloudflare
CF-RAY=87a3257d3d453c12-BLR
Content-Encoding=gzip
" type="java.lang.AssertionError">
      <![CDATA[java.lang.AssertionError: 1 expectation failed.
Expected header "Server" was not "cloudflar", was "cloudflare". Headers are:
Date=Fri, 26 Apr 2024 02:29:40 GMT
Content-Type=application/json; charset=utf-8
Transfer-Encoding=chunked
Connection=keep-alive
Report-To={"group":"heroku-nel","max_age":3600,"endpoints":[{"url":"https://nel.heroku.com/reports?ts=1714098580&sid=c4c9725f-1ab0-44d8-820f-430df2718e11&s=ZB3EcPsvJlR7KHqIPUmPj1aZqX0fndvyuU%2FGCuOfH7I%3D"}]}
Reporting-Endpoints=heroku-nel=https://nel.heroku.com/reports?ts=1714098580&sid=c4c9725f-1ab0-44d8-820f-430df2718e11&s=ZB3EcPsvJlR7KHqIPUmPj1aZqX0fndvyuU%2FGCuOfH7I%3D
Nel={"report_to":"heroku-nel","max_age":3600,"success_fraction":0.005,"failure_fraction":0.05,"response_headers":["Via"]}
X-Powered-By=Express
Access-Control-Allow-Origin=*
Etag=W/"58-lRc//3+teKag2osRrhCmv2bUFJg"
Via=1.1 vegur
CF-Cache-Status=DYNAMIC
Vary=Accept-Encoding
Server=cloudflare
CF-RAY=87a3257d3d453c12-BLR
Content-Encoding=gzip

at java.base/jdk.internal.reflect.NativeConstructorAccessorImpl.newInstance0(Native Method)
at java.base/jdk.internal.reflect.NativeConstructorAccessorImpl.newInstance(NativeConstructorAccessorImpl.java:78)
at java.base/jdk.internal.reflect.DelegatingConstructorAccessorImpl.newInstance(DelegatingConstructorAccessorImpl.java:45)
at java.base/java.lang.reflect.Constructor.newInstanceWithCaller(Constructor.java:499)
at java.base/java.lang.reflect.Constructor.newInstance(Constructor.java:480)
at org.codehaus.groovy.reflection.CachedConstructor.invoke(CachedConstructor.java:73)
at org.codehaus.groovy.runtime.callsite.ConstructorSite$ConstructorSiteNoUnwrapNoCoerce.callConstructor(ConstructorSite.java:108)
at org.codehaus.groovy.runtime.callsite.CallSiteArray.defaultCallConstructor(CallSiteArray.java:57)
at org.codehaus.groovy.runtime.callsite.AbstractCallSite.callConstructor(AbstractCallSite.java:263)
at org.codehaus.groovy.runtime.callsite.AbstractCallSite.callConstructor(AbstractCallSite.java:277)
at io.restassured.internal.ResponseSpecificationImpl$HamcrestAssertionClosure.validate(ResponseSpecificationImpl.groovy:512)
at io.restassured.internal.ResponseSpecificationImpl$HamcrestAssertionClosure$validate$1.call(Unknown Source)
at io.restassured.internal.ResponseSpecificationImpl.validateResponseIfRequired(ResponseSpecificationImpl.groovy:696)
at io.restassured.internal.ResponseSpecificationImpl.this$2$validateResponseIfRequired(ResponseSpecificationImpl.groovy)
at java.base/jdk.internal.reflect.NativeMethodAccessorImpl.invoke0(Native Method)
at java.base/jdk.internal.reflect.NativeMethodAccessorImpl.invoke(NativeMethodAccessorImpl.java:78)
at java.base/jdk.internal.reflect.DelegatingMethodAccessorImpl.invoke(DelegatingMethodAccessorImpl.java:43)
at java.base/java.lang.reflect.Method.invoke(Method.java:567)
at org.codehaus.groovy.runtime.callsite.PlainObjectMetaMethodSite.doInvoke(PlainObjectMetaMethodSite.java:43)
at org.codehaus.groovy.runtime.callsite.PogoMetaMethodSite$PogoCachedMethodSiteNoUnwrapNoCoerce.invoke(PogoMetaMethodSite.java:198)
at org.codehaus.groovy.runtime.callsite.PogoMetaMethodSite.callCurrent(PogoMetaMethodSite.java:62)
at org.codehaus.groovy.runtime.callsite.CallSiteArray.defaultCallCurrent(CallSiteArray.java:49)
at org.codehaus.groovy.runtime.callsite.AbstractCallSite.callCurrent(AbstractCallSite.java:171)
at org.codehaus.groovy.runtime.callsite.AbstractCallSite.callCurrent(AbstractCallSite.java:185)
at io.restassured.internal.ResponseSpecificationImpl.header(ResponseSpecificationImpl.groovy:191)
at io.restassured.specification.ResponseSpecification$header$1.callCurrent(Unknown Source)
at org.codehaus.groovy.runtime.callsite.CallSiteArray.defaultCallCurrent(CallSiteArray.java:49)
at org.codehaus.groovy.runtime.callsite.AbstractCallSite.callCurrent(AbstractCallSite.java:171)
at org.codehaus.groovy.runtime.callsite.AbstractCallSite.callCurrent(AbstractCallSite.java:194)
at io.restassured.internal.ResponseSpecificationImpl.header(ResponseSpecificationImpl.groovy:198)
at io.restassured.internal.ValidatableResponseOptionsImpl.header(ValidatableResponseOptionsImpl.java:124)
at RestAssured.PutExample.putTest(PutExample.java:28)
at java.base/jdk.internal.reflect.NativeMethodAccessorImpl.invoke0(Native Method)
at java.base/jdk.internal.reflect.NativeMethodAccessorImpl.invoke(NativeMethodAccessorImpl.java:78)
at java.base/jdk.internal.reflect.DelegatingMethodAccessorImpl.invoke(DelegatingMethodAccessorImpl.java:43)
at java.base/java.lang.reflect.Method.invoke(Method.java:567)
at org.testng.internal.MethodInvocationHelper.invokeMethod(MethodInvocationHelper.java:133)
at org.testng.internal.TestInvoker.invokeMethod(TestInvoker.java:598)
at org.testng.internal.TestInvoker.invokeTestMethod(TestInvoker.java:173)
at org.testng.internal.MethodRunner.runInSequence(MethodRunner.java:46)
at org.testng.internal.TestInvoker$MethodInvocationAgent.invoke(TestInvoker.java:824)
at org.testng.internal.TestInvoker.invokeTestMethods(TestInvoker.java:146)
at org.testng.internal.TestMethodWorker.invokeTestMethods(TestMethodWorker.java:146)
at org.testng.internal.TestMethodWorker.run(TestMethodWorker.java:128)
at java.base/java.util.ArrayList.forEach(ArrayList.java:1511)
at org.testng.TestRunner.privateRun(TestRunner.java:794)
at org.testng.TestRunner.run(TestRunner.java:596)
at org.testng.SuiteRunner.runTest(SuiteRunner.java:377)
at org.testng.SuiteRunner.runSequentially(SuiteRunner.java:371)
at org.testng.SuiteRunner.privateRun(SuiteRunner.java:332)
at org.testng.SuiteRunner.run(SuiteRunner.java:276)
at org.testng.SuiteRunnerWorker.runSuite(SuiteRunnerWorker.java:53)
at org.testng.SuiteRunnerWorker.run(SuiteRunnerWorker.java:96)
at org.testng.TestNG.runSuitesSequentially(TestNG.java:1212)
at org.testng.TestNG.runSuitesLocally(TestNG.java:1134)
at org.testng.TestNG.runSuites(TestNG.java:1063)
at org.testng.TestNG.run(TestNG.java:1031)
at org.testng.remote.AbstractRemoteTestNG.run(AbstractRemoteTestNG.java:115)
at org.testng.remote.RemoteTestNG.initAndRun(RemoteTestNG.java:251)
at org.testng.remote.RemoteTestNG.main(RemoteTestNG.java:77)
]]>
    </failure>
  </testcase> <!-- putTest -->
  <system-out/>
</testsuite> <!-- RestAssured.PutExample -->
