<?xml version="1.0" encoding="UTF-8"?>
<!-- Generated by org.testng.reporters.JUnitReportReporter -->
<testsuite hostname="DESKTOP-AELALK6" failures="0" tests="2" name="AuthExamples.OAuth2Example" time="10.093" errors="0" timestamp="2024-04-27T23:09:46 IST" skipped="0">
  <testcase classname="AuthExamples.OAuth2Example" name="getAccessToken" time="9.377"/>
  <system-out/>
  <testcase classname="AuthExamples.OAuth2Example" name="oAuthTest" time="0.716"/>
  <system-out/>
</testsuite> <!-- AuthExamples.OAuth2Example -->
