<?xml version="1.0" encoding="UTF-8"?>
<!-- Generated by org.testng.reporters.JUnitReportReporter -->
<testsuite hostname="DESKTOP-AELALK6" failures="0" tests="1" name="AuthExamples.BearerTokenExample" time="6.768" errors="0" timestamp="2024-04-27T08:11:35 IST" skipped="0">
  <testcase classname="AuthExamples.BearerTokenExample" name="BarerTest" time="6.768"/>
  <system-out/>
</testsuite> <!-- AuthExamples.BearerTokenExample -->
