<?xml version="1.0" encoding="UTF-8"?>
<!-- Generated by org.testng.reporters.JUnitReportReporter -->
<testsuite hostname="DESKTOP-AELALK6" failures="0" tests="1" name="AuthExamples.QueryParameterExample" time="7.660" errors="0" timestamp="2024-04-27T22:24:11 IST" skipped="0">
  <testcase classname="AuthExamples.QueryParameterExample" name="QueryParamTest" time="7.660"/>
  <system-out/>
</testsuite> <!-- AuthExamples.QueryParameterExample -->
