<?xml version="1.0" encoding="UTF-8"?>
<!-- Generated by org.testng.reporters.JUnitReportReporter -->
<testsuite hostname="DESKTOP-AELALK6" failures="0" tests="1" name="RestAssured.PostExample" time="6.383" errors="0" timestamp="2024-04-26T07:52:34 IST" skipped="0">
  <testcase classname="RestAssured.PostExample" name="postTest" time="6.383"/>
  <system-out/>
</testsuite> <!-- RestAssured.PostExample -->
