<?xml version="1.0" encoding="UTF-8"?>
<!-- Generated by org.testng.reporters.JUnitReportReporter -->
<testsuite hostname="DESKTOP-AELALK6" failures="0" tests="1" name="RestAssured.TestRESTAPI" time="6.883" errors="0" timestamp="2024-04-20T21:26:20 IST" skipped="0">
  <testcase classname="RestAssured.TestRESTAPI" name="testListUsersAPI" time="6.883"/>
  <system-out/>
</testsuite> <!-- RestAssured.TestRESTAPI -->
